# JRE version: OpenJDK Runtime Environment Temurin-21.0.11+10 (21.0.11+10) (build 21.0.11+10-LTS)
# Java VM: OpenJDK 64-Bit Server VM Temurin-21.0.11+10 (21.0.11+10-LTS, mixed mode, sharing, tiered, compressed oops, compressed class ptrs, parallel gc, windows-amd64)
GC Precious Log:
 CardTable entry size: 512
 CPUs: 20 total, 20 available
 Memory: 16088M
 Large Page Support: Disabled
 NUMA Support: Disabled
 Compressed Oops: Enabled (32-bit)
 Alignments: Space 512K, Generation 512K, Heap 2M
 Heap Min Capacity: 100M
 Heap Initial Capacity: 100M
 Heap Max Capacity: 2G
 Pre-touch: Disabled
 Parallel Workers: 15
Heap:
 PSYoungGen      total 19968K, used 15566K [0x00000000d5580000, 0x00000000d6f00000, 0x0000000100000000)
  eden space 14848K, 70% used [0x00000000d5580000,0x00000000d5fc3e90,0x00000000d6400000)
  from space 5120K, 98% used [0x00000000d6400000,0x00000000d68ef9e8,0x00000000d6900000)
  to   space 5632K, 0% used [0x00000000d6980000,0x00000000d6980000,0x00000000d6f00000)
 ParOldGen       total 71168K, used 70795K [0x0000000080000000, 0x0000000084580000, 0x00000000d5580000)
  object space 71168K, 99% used [0x0000000080000000,0x0000000084522e70,0x0000000084580000)
 Metaspace       used 58052K, committed 59520K, reserved 1114112K
  class space    used 6164K, committed 6848K, reserved 1048576K
GC Heap History (20 events):
Event: 11.240 GC heap before
{Heap before GC invocations=28 (full 2):
 PSYoungGen      total 24576K, used 22176K [0x00000000d5580000, 0x00000000d7300000, 0x0000000100000000)
  eden space 20992K, 100% used [0x00000000d5580000,0x00000000d6a00000,0x00000000d6a00000)
  from space 3584K, 33% used [0x00000000d6d00000,0x00000000d6e28000,0x00000000d7080000)
  to   space 2048K, 0% used [0x00000000d7100000,0x00000000d7100000,0x00000000d7300000)
 ParOldGen       total 68608K, used 50895K [0x0000000080000000, 0x0000000084300000, 0x00000000d5580000)
  object space 68608K, 74% used [0x0000000080000000,0x00000000831b3ef8,0x0000000084300000)
 Metaspace       used 47585K, committed 48768K, reserved 1114112K
  class space    used 5154K, committed 5696K, reserved 1048576K
}
Event: 11.244 GC heap after
{Heap after GC invocations=28 (full 2):
 PSYoungGen      total 22528K, used 1472K [0x00000000d5580000, 0x00000000d7280000, 0x0000000100000000)
  eden space 20992K, 0% used [0x00000000d5580000,0x00000000d5580000,0x00000000d6a00000)
  from space 1536K, 95% used [0x00000000d7100000,0x00000000d7270000,0x00000000d7280000)
  to   space 2048K, 0% used [0x00000000d6e80000,0x00000000d6e80000,0x00000000d7080000)
 ParOldGen       total 68608K, used 51750K [0x0000000080000000, 0x0000000084300000, 0x00000000d5580000)
  object space 68608K, 75% used [0x0000000080000000,0x0000000083289bf8,0x0000000084300000)
 Metaspace       used 47585K, committed 48768K, reserved 1114112K
  class space    used 5154K, committed 5696K, reserved 1048576K
}
Event: 11.704 GC heap before
{Heap before GC invocations=29 (full 2):
 PSYoungGen      total 22528K, used 22464K [0x00000000d5580000, 0x00000000d7280000, 0x0000000100000000)
  eden space 20992K, 100% used [0x00000000d5580000,0x00000000d6a00000,0x00000000d6a00000)
  from space 1536K, 95% used [0x00000000d7100000,0x00000000d7270000,0x00000000d7280000)
  to   space 2048K, 0% used [0x00000000d6e80000,0x00000000d6e80000,0x00000000d7080000)
 ParOldGen       total 68608K, used 51750K [0x0000000080000000, 0x0000000084300000, 0x00000000d5580000)
  object space 68608K, 75% used [0x0000000080000000,0x0000000083289bf8,0x0000000084300000)
 Metaspace       used 50149K, committed 51392K, reserved 1114112K
  class space    used 5423K, committed 5952K, reserved 1048576K
}
Event: 11.708 GC heap after
{Heap after GC invocations=29 (full 2):
 PSYoungGen      total 23040K, used 1611K [0x00000000d5580000, 0x00000000d7180000, 0x0000000100000000)
  eden space 20992K, 0% used [0x00000000d5580000,0x00000000d5580000,0x00000000d6a00000)
  from space 2048K, 78% used [0x00000000d6e80000,0x00000000d7012eb8,0x00000000d7080000)
  to   space 1024K, 0% used [0x00000000d7080000,0x00000000d7080000,0x00000000d7180000)
 ParOldGen       total 68608K, used 52955K [0x0000000080000000, 0x0000000084300000, 0x00000000d5580000)
  object space 68608K, 77% used [0x0000000080000000,0x00000000833b6c08,0x0000000084300000)
 Metaspace       used 50149K, committed 51392K, reserved 1114112K
  class space    used 5423K, committed 5952K, reserved 1048576K
}
Event: 12.262 GC heap before
{Heap before GC invocations=30 (full 2):
 PSYoungGen      total 23040K, used 22603K [0x00000000d5580000, 0x00000000d7180000, 0x0000000100000000)
  eden space 20992K, 100% used [0x00000000d5580000,0x00000000d6a00000,0x00000000d6a00000)
  from space 2048K, 78% used [0x00000000d6e80000,0x00000000d7012eb8,0x00000000d7080000)
  to   space 1024K, 0% used [0x00000000d7080000,0x00000000d7080000,0x00000000d7180000)
 ParOldGen       total 68608K, used 52955K [0x0000000080000000, 0x0000000084300000, 0x00000000d5580000)
  object space 68608K, 77% used [0x0000000080000000,0x00000000833b6c08,0x0000000084300000)
 Metaspace       used 52117K, committed 53376K, reserved 1114112K
  class space    used 5659K, committed 6208K, reserved 1048576K
}
Event: 12.266 GC heap after
{Heap after GC invocations=30 (full 2):
 PSYoungGen      total 22016K, used 1019K [0x00000000d5580000, 0x00000000d7180000, 0x0000000100000000)
  eden space 20992K, 0% used [0x00000000d5580000,0x00000000d5580000,0x00000000d6a00000)
  from space 1024K, 99% used [0x00000000d7080000,0x00000000d717eea8,0x00000000d7180000)
  to   space 2560K, 0% used [0x00000000d6c80000,0x00000000d6c80000,0x00000000d6f00000)
 ParOldGen       total 68608K, used 54166K [0x0000000080000000, 0x0000000084300000, 0x00000000d5580000)
  object space 68608K, 78% used [0x0000000080000000,0x00000000834e59c0,0x0000000084300000)
 Metaspace       used 52117K, committed 53376K, reserved 1114112K
  class space    used 5659K, committed 6208K, reserved 1048576K
}
Event: 12.766 GC heap before
{Heap before GC invocations=31 (full 2):
 PSYoungGen      total 22016K, used 22011K [0x00000000d5580000, 0x00000000d7180000, 0x0000000100000000)
  eden space 20992K, 100% used [0x00000000d5580000,0x00000000d6a00000,0x00000000d6a00000)
  from space 1024K, 99% used [0x00000000d7080000,0x00000000d717eea8,0x00000000d7180000)
  to   space 2560K, 0% used [0x00000000d6c80000,0x00000000d6c80000,0x00000000d6f00000)
 ParOldGen       total 68608K, used 54166K [0x0000000080000000, 0x0000000084300000, 0x00000000d5580000)
  object space 68608K, 78% used [0x0000000080000000,0x00000000834e59c0,0x0000000084300000)
 Metaspace       used 53406K, committed 54720K, reserved 1114112K
  class space    used 5779K, committed 6336K, reserved 1048576K
}
Event: 12.768 GC heap after
{Heap after GC invocations=31 (full 2):
 PSYoungGen      total 23552K, used 576K [0x00000000d5580000, 0x00000000d7100000, 0x0000000100000000)
  eden space 20992K, 0% used [0x00000000d5580000,0x00000000d5580000,0x00000000d6a00000)
  from space 2560K, 22% used [0x00000000d6c80000,0x00000000d6d10000,0x00000000d6f00000)
  to   space 1536K, 0% used [0x00000000d6f80000,0x00000000d6f80000,0x00000000d7100000)
 ParOldGen       total 68608K, used 55040K [0x0000000080000000, 0x0000000084300000, 0x00000000d5580000)
  object space 68608K, 80% used [0x0000000080000000,0x00000000835c01e0,0x0000000084300000)
 Metaspace       used 53406K, committed 54720K, reserved 1114112K
  class space    used 5779K, committed 6336K, reserved 1048576K
}
Event: 21.320 GC heap before
{Heap before GC invocations=32 (full 2):
 PSYoungGen      total 23552K, used 21568K [0x00000000d5580000, 0x00000000d7100000, 0x0000000100000000)
  eden space 20992K, 100% used [0x00000000d5580000,0x00000000d6a00000,0x00000000d6a00000)
  from space 2560K, 22% used [0x00000000d6c80000,0x00000000d6d10000,0x00000000d6f00000)
  to   space 1536K, 0% used [0x00000000d6f80000,0x00000000d6f80000,0x00000000d7100000)
 ParOldGen       total 68608K, used 55040K [0x0000000080000000, 0x0000000084300000, 0x00000000d5580000)
  object space 68608K, 80% used [0x0000000080000000,0x00000000835c01e0,0x0000000084300000)
 Metaspace       used 53895K, committed 55232K, reserved 1114112K
  class space    used 5842K, committed 6464K, reserved 1048576K
}
Event: 21.324 GC heap after
{Heap after GC invocations=32 (full 2):
 PSYoungGen      total 21504K, used 1530K [0x00000000d5580000, 0x00000000d7700000, 0x0000000100000000)
  eden space 19968K, 0% used [0x00000000d5580000,0x00000000d5580000,0x00000000d6900000)
  from space 1536K, 99% used [0x00000000d6f80000,0x00000000d70fe818,0x00000000d7100000)
  to   space 6656K, 0% used [0x00000000d6900000,0x00000000d6900000,0x00000000d6f80000)
 ParOldGen       total 68608K, used 59178K [0x0000000080000000, 0x0000000084300000, 0x00000000d5580000)
  object space 68608K, 86% used [0x0000000080000000,0x00000000839cab88,0x0000000084300000)
 Metaspace       used 53895K, committed 55232K, reserved 1114112K
  class space    used 5842K, committed 6464K, reserved 1048576K
}
Event: 24.026 GC heap before
{Heap before GC invocations=33 (full 2):
 PSYoungGen      total 21504K, used 21498K [0x00000000d5580000, 0x00000000d7700000, 0x0000000100000000)
  eden space 19968K, 100% used [0x00000000d5580000,0x00000000d6900000,0x00000000d6900000)
  from space 1536K, 99% used [0x00000000d6f80000,0x00000000d70fe818,0x00000000d7100000)
  to   space 6656K, 0% used [0x00000000d6900000,0x00000000d6900000,0x00000000d6f80000)
 ParOldGen       total 68608K, used 59178K [0x0000000080000000, 0x0000000084300000, 0x00000000d5580000)
  object space 68608K, 86% used [0x0000000080000000,0x00000000839cab88,0x0000000084300000)
 Metaspace       used 54688K, committed 56064K, reserved 1114112K
  class space    used 5904K, committed 6528K, reserved 1048576K
}
Event: 24.028 GC heap after
{Heap after GC invocations=33 (full 2):
 PSYoungGen      total 22528K, used 2069K [0x00000000d5580000, 0x00000000d7000000, 0x0000000100000000)
  eden space 19968K, 0% used [0x00000000d5580000,0x00000000d5580000,0x00000000d6900000)
  from space 2560K, 80% used [0x00000000d6900000,0x00000000d6b054b0,0x00000000d6b80000)
  to   space 3584K, 0% used [0x00000000d6c80000,0x00000000d6c80000,0x00000000d7000000)
 ParOldGen       total 68608K, used 60742K [0x0000000080000000, 0x0000000084300000, 0x00000000d5580000)
  object space 68608K, 88% used [0x0000000080000000,0x0000000083b518d8,0x0000000084300000)
 Metaspace       used 54688K, committed 56064K, reserved 1114112K
  class space    used 5904K, committed 6528K, reserved 1048576K
}
Event: 24.689 GC heap before
{Heap before GC invocations=34 (full 2):
 PSYoungGen      total 22528K, used 22037K [0x00000000d5580000, 0x00000000d7000000, 0x0000000100000000)
  eden space 19968K, 100% used [0x00000000d5580000,0x00000000d6900000,0x00000000d6900000)
  from space 2560K, 80% used [0x00000000d6900000,0x00000000d6b054b0,0x00000000d6b80000)
  to   space 3584K, 0% used [0x00000000d6c80000,0x00000000d6c80000,0x00000000d7000000)
 ParOldGen       total 68608K, used 60742K [0x0000000080000000, 0x0000000084300000, 0x00000000d5580000)
  object space 68608K, 88% used [0x0000000080000000,0x0000000083b518d8,0x0000000084300000)
 Metaspace       used 55636K, committed 57088K, reserved 1114112K
  class space    used 5985K, committed 6656K, reserved 1048576K
}
Event: 24.694 GC heap after
{Heap after GC invocations=34 (full 2):
 PSYoungGen      total 22528K, used 2110K [0x00000000d5580000, 0x00000000d6f00000, 0x0000000100000000)
  eden space 19968K, 0% used [0x00000000d5580000,0x00000000d5580000,0x00000000d6900000)
  from space 2560K, 82% used [0x00000000d6c80000,0x00000000d6e8f8b8,0x00000000d6f00000)
  to   space 2560K, 0% used [0x00000000d6900000,0x00000000d6900000,0x00000000d6b80000)
 ParOldGen       total 68608K, used 62530K [0x0000000080000000, 0x0000000084300000, 0x00000000d5580000)
  object space 68608K, 91% used [0x0000000080000000,0x0000000083d10940,0x0000000084300000)
 Metaspace       used 55636K, committed 57088K, reserved 1114112K
  class space    used 5985K, committed 6656K, reserved 1048576K
}
Event: 25.291 GC heap before
{Heap before GC invocations=35 (full 2):
 PSYoungGen      total 22528K, used 22078K [0x00000000d5580000, 0x00000000d6f00000, 0x0000000100000000)
  eden space 19968K, 100% used [0x00000000d5580000,0x00000000d6900000,0x00000000d6900000)
  from space 2560K, 82% used [0x00000000d6c80000,0x00000000d6e8f8b8,0x00000000d6f00000)
  to   space 2560K, 0% used [0x00000000d6900000,0x00000000d6900000,0x00000000d6b80000)
 ParOldGen       total 68608K, used 62530K [0x0000000080000000, 0x0000000084300000, 0x00000000d5580000)
  object space 68608K, 91% used [0x0000000080000000,0x0000000083d10940,0x0000000084300000)
 Metaspace       used 56871K, committed 58304K, reserved 1114112K
  class space    used 6103K, committed 6784K, reserved 1048576K
}
Event: 25.294 GC heap after
{Heap after GC invocations=35 (full 2):
 PSYoungGen      total 22528K, used 2040K [0x00000000d5580000, 0x00000000d6e00000, 0x0000000100000000)
  eden space 19968K, 0% used [0x00000000d5580000,0x00000000d5580000,0x00000000d6900000)
  from space 2560K, 79% used [0x00000000d6900000,0x00000000d6afe308,0x00000000d6b80000)
  to   space 2560K, 0% used [0x00000000d6b80000,0x00000000d6b80000,0x00000000d6e00000)
 ParOldGen       total 68608K, used 64255K [0x0000000080000000, 0x0000000084300000, 0x00000000d5580000)
  object space 68608K, 93% used [0x0000000080000000,0x0000000083ebfef0,0x0000000084300000)
 Metaspace       used 56871K, committed 58304K, reserved 1114112K
  class space    used 6103K, committed 6784K, reserved 1048576K
}
Event: 26.482 GC heap before
{Heap before GC invocations=36 (full 2):
 PSYoungGen      total 22528K, used 22008K [0x00000000d5580000, 0x00000000d6e00000, 0x0000000100000000)
  eden space 19968K, 100% used [0x00000000d5580000,0x00000000d6900000,0x00000000d6900000)
  from space 2560K, 79% used [0x00000000d6900000,0x00000000d6afe308,0x00000000d6b80000)
  to   space 2560K, 0% used [0x00000000d6b80000,0x00000000d6b80000,0x00000000d6e00000)
 ParOldGen       total 68608K, used 64255K [0x0000000080000000, 0x0000000084300000, 0x00000000d5580000)
  object space 68608K, 93% used [0x0000000080000000,0x0000000083ebfef0,0x0000000084300000)
 Metaspace       used 57856K, committed 59328K, reserved 1114112K
  class space    used 6153K, committed 6848K, reserved 1048576K
}
Event: 27.500 GC heap after
{Heap after GC invocations=36 (full 2):
 PSYoungGen      total 17408K, used 2528K [0x00000000d5580000, 0x00000000d7800000, 0x0000000100000000)
  eden space 14848K, 0% used [0x00000000d5580000,0x00000000d5580000,0x00000000d6400000)
  from space 2560K, 98% used [0x00000000d6b80000,0x00000000d6df8398,0x00000000d6e00000)
  to   space 7680K, 0% used [0x00000000d6400000,0x00000000d6400000,0x00000000d6b80000)
 ParOldGen       total 68608K, used 68215K [0x0000000080000000, 0x0000000084300000, 0x00000000d5580000)
  object space 68608K, 99% used [0x0000000080000000,0x000000008429df98,0x0000000084300000)
 Metaspace       used 57856K, committed 59328K, reserved 1114112K
  class space    used 6153K, committed 6848K, reserved 1048576K
}
Event: 35.592 GC heap before
{Heap before GC invocations=37 (full 2):
 PSYoungGen      total 17408K, used 17376K [0x00000000d5580000, 0x00000000d7800000, 0x0000000100000000)
  eden space 14848K, 100% used [0x00000000d5580000,0x00000000d6400000,0x00000000d6400000)
  from space 2560K, 98% used [0x00000000d6b80000,0x00000000d6df8398,0x00000000d6e00000)
  to   space 7680K, 0% used [0x00000000d6400000,0x00000000d6400000,0x00000000d6b80000)
 ParOldGen       total 68608K, used 68215K [0x0000000080000000, 0x0000000084300000, 0x00000000d5580000)
  object space 68608K, 99% used [0x0000000080000000,0x000000008429df98,0x0000000084300000)
 Metaspace       used 57949K, committed 59392K, reserved 1114112K
  class space    used 6155K, committed 6848K, reserved 1048576K
}
Event: 35.598 GC heap after
{Heap after GC invocations=37 (full 2):
 PSYoungGen      total 19968K, used 5054K [0x00000000d5580000, 0x00000000d6f00000, 0x0000000100000000)
  eden space 14848K, 0% used [0x00000000d5580000,0x00000000d5580000,0x00000000d6400000)
  from space 5120K, 98% used [0x00000000d6400000,0x00000000d68ef9e8,0x00000000d6900000)
  to   space 5632K, 0% used [0x00000000d6980000,0x00000000d6980000,0x00000000d6f00000)
 ParOldGen       total 71168K, used 70795K [0x0000000080000000, 0x0000000084580000, 0x00000000d5580000)
  object space 71168K, 99% used [0x0000000080000000,0x0000000084522e70,0x0000000084580000)
 Metaspace       used 57949K, committed 59392K, reserved 1114112K
  class space    used 6155K, committed 6848K, reserved 1048576K
}

