# JRE version: OpenJDK Runtime Environment Temurin-21.0.11+10 (21.0.11+10) (build 21.0.11+10-LTS)
# Java VM: OpenJDK 64-Bit Server VM Temurin-21.0.11+10 (21.0.11+10-LTS, mixed mode, sharing, tiered, compressed oops, compressed class ptrs, parallel gc, windows-amd64)
GC Precious Log:
 CardTable entry size: 512
 CPUs: 20 total, 20 available
 Memory: 16088M
 Large Page Support: Disabled
 NUMA Support: Disabled
 Compressed Oops: Enabled (32-bit)
 Alignments: Space 512K, Generation 512K, Heap 2M
 Heap Min Capacity: 100M
 Heap Initial Capacity: 100M
 Heap Max Capacity: 2G
 Pre-touch: Disabled
 Parallel Workers: 15
Heap:
 PSYoungGen      total 10240K, used 4469K [0x00000000d5580000, 0x00000000d6380000, 0x0000000100000000)
  eden space 9728K, 41% used [0x00000000d5580000,0x00000000d5965630,0x00000000d5f00000)
  from space 512K, 93% used [0x00000000d6300000,0x00000000d6378010,0x00000000d6380000)
  to   space 1024K, 0% used [0x00000000d6180000,0x00000000d6180000,0x00000000d6280000)
 ParOldGen       total 68608K, used 56182K [0x0000000080000000, 0x0000000084300000, 0x00000000d5580000)
  object space 68608K, 81% used [0x0000000080000000,0x00000000836dda68,0x0000000084300000)
 Metaspace       used 52724K, committed 53952K, reserved 1114112K
  class space    used 5707K, committed 6208K, reserved 1048576K
GC Heap History (20 events):
Event: 38.933 GC heap before
{Heap before GC invocations=33 (full 2):
 PSYoungGen      total 11264K, used 10815K [0x00000000d5580000, 0x00000000d6700000, 0x0000000100000000)
  eden space 9728K, 99% used [0x00000000d5580000,0x00000000d5ef9ce8,0x00000000d5f00000)
  from space 1536K, 72% used [0x00000000d6580000,0x00000000d6696200,0x00000000d6700000)
  to   space 1536K, 0% used [0x00000000d6400000,0x00000000d6400000,0x00000000d6580000)
 ParOldGen       total 68608K, used 49998K [0x0000000080000000, 0x0000000084300000, 0x00000000d5580000)
  object space 68608K, 72% used [0x0000000080000000,0x00000000830d3a30,0x0000000084300000)
 Metaspace       used 42810K, committed 44096K, reserved 1114112K
  class space    used 4531K, committed 5056K, reserved 1048576K
}
Event: 38.936 GC heap after
{Heap after GC invocations=33 (full 2):
 PSYoungGen      total 10752K, used 1023K [0x00000000d5580000, 0x00000000d6600000, 0x0000000100000000)
  eden space 9728K, 0% used [0x00000000d5580000,0x00000000d5580000,0x00000000d5f00000)
  from space 1024K, 99% used [0x00000000d6400000,0x00000000d64ffdf0,0x00000000d6500000)
  to   space 1024K, 0% used [0x00000000d6500000,0x00000000d6500000,0x00000000d6600000)
 ParOldGen       total 68608K, used 50815K [0x0000000080000000, 0x0000000084300000, 0x00000000d5580000)
  object space 68608K, 74% used [0x0000000080000000,0x000000008319fc30,0x0000000084300000)
 Metaspace       used 42810K, committed 44096K, reserved 1114112K
  class space    used 4531K, committed 5056K, reserved 1048576K
}
Event: 39.126 GC heap before
{Heap before GC invocations=34 (full 2):
 PSYoungGen      total 10752K, used 10748K [0x00000000d5580000, 0x00000000d6600000, 0x0000000100000000)
  eden space 9728K, 99% used [0x00000000d5580000,0x00000000d5eff528,0x00000000d5f00000)
  from space 1024K, 99% used [0x00000000d6400000,0x00000000d64ffdf0,0x00000000d6500000)
  to   space 1024K, 0% used [0x00000000d6500000,0x00000000d6500000,0x00000000d6600000)
 ParOldGen       total 68608K, used 50815K [0x0000000080000000, 0x0000000084300000, 0x00000000d5580000)
  object space 68608K, 74% used [0x0000000080000000,0x000000008319fc30,0x0000000084300000)
 Metaspace       used 44063K, committed 45312K, reserved 1114112K
  class space    used 4656K, committed 5184K, reserved 1048576K
}
Event: 39.132 GC heap after
{Heap after GC invocations=34 (full 2):
 PSYoungGen      total 10752K, used 768K [0x00000000d5580000, 0x00000000d6600000, 0x0000000100000000)
  eden space 9728K, 0% used [0x00000000d5580000,0x00000000d5580000,0x00000000d5f00000)
  from space 1024K, 75% used [0x00000000d6500000,0x00000000d65c0000,0x00000000d6600000)
  to   space 1024K, 0% used [0x00000000d6400000,0x00000000d6400000,0x00000000d6500000)
 ParOldGen       total 68608K, used 51523K [0x0000000080000000, 0x0000000084300000, 0x00000000d5580000)
  object space 68608K, 75% used [0x0000000080000000,0x0000000083250f88,0x0000000084300000)
 Metaspace       used 44063K, committed 45312K, reserved 1114112K
  class space    used 4656K, committed 5184K, reserved 1048576K
}
Event: 39.308 GC heap before
{Heap before GC invocations=35 (full 2):
 PSYoungGen      total 10752K, used 10496K [0x00000000d5580000, 0x00000000d6600000, 0x0000000100000000)
  eden space 9728K, 100% used [0x00000000d5580000,0x00000000d5f00000,0x00000000d5f00000)
  from space 1024K, 75% used [0x00000000d6500000,0x00000000d65c0000,0x00000000d6600000)
  to   space 1024K, 0% used [0x00000000d6400000,0x00000000d6400000,0x00000000d6500000)
 ParOldGen       total 68608K, used 51523K [0x0000000080000000, 0x0000000084300000, 0x00000000d5580000)
  object space 68608K, 75% used [0x0000000080000000,0x0000000083250f88,0x0000000084300000)
 Metaspace       used 45024K, committed 46272K, reserved 1114112K
  class space    used 4793K, committed 5312K, reserved 1048576K
}
Event: 39.310 GC heap after
{Heap after GC invocations=35 (full 2):
 PSYoungGen      total 10752K, used 768K [0x00000000d5580000, 0x00000000d6580000, 0x0000000100000000)
  eden space 9728K, 0% used [0x00000000d5580000,0x00000000d5580000,0x00000000d5f00000)
  from space 1024K, 75% used [0x00000000d6400000,0x00000000d64c0000,0x00000000d6500000)
  to   space 512K, 0% used [0x00000000d6500000,0x00000000d6500000,0x00000000d6580000)
 ParOldGen       total 68608K, used 52056K [0x0000000080000000, 0x0000000084300000, 0x00000000d5580000)
  object space 68608K, 75% used [0x0000000080000000,0x00000000832d6230,0x0000000084300000)
 Metaspace       used 45024K, committed 46272K, reserved 1114112K
  class space    used 4793K, committed 5312K, reserved 1048576K
}
Event: 39.537 GC heap before
{Heap before GC invocations=36 (full 2):
 PSYoungGen      total 10752K, used 10475K [0x00000000d5580000, 0x00000000d6580000, 0x0000000100000000)
  eden space 9728K, 99% used [0x00000000d5580000,0x00000000d5efac50,0x00000000d5f00000)
  from space 1024K, 75% used [0x00000000d6400000,0x00000000d64c0000,0x00000000d6500000)
  to   space 512K, 0% used [0x00000000d6500000,0x00000000d6500000,0x00000000d6580000)
 ParOldGen       total 68608K, used 52056K [0x0000000080000000, 0x0000000084300000, 0x00000000d5580000)
  object space 68608K, 75% used [0x0000000080000000,0x00000000832d6230,0x0000000084300000)
 Metaspace       used 46190K, committed 47488K, reserved 1114112K
  class space    used 4935K, committed 5504K, reserved 1048576K
}
Event: 39.539 GC heap after
{Heap after GC invocations=36 (full 2):
 PSYoungGen      total 10240K, used 492K [0x00000000d5580000, 0x00000000d6580000, 0x0000000100000000)
  eden space 9728K, 0% used [0x00000000d5580000,0x00000000d5580000,0x00000000d5f00000)
  from space 512K, 96% used [0x00000000d6500000,0x00000000d657b260,0x00000000d6580000)
  to   space 1536K, 0% used [0x00000000d6280000,0x00000000d6280000,0x00000000d6400000)
 ParOldGen       total 68608K, used 52775K [0x0000000080000000, 0x0000000084300000, 0x00000000d5580000)
  object space 68608K, 76% used [0x0000000080000000,0x0000000083389f30,0x0000000084300000)
 Metaspace       used 46190K, committed 47488K, reserved 1114112K
  class space    used 4935K, committed 5504K, reserved 1048576K
}
Event: 39.981 GC heap before
{Heap before GC invocations=37 (full 2):
 PSYoungGen      total 10240K, used 10220K [0x00000000d5580000, 0x00000000d6580000, 0x0000000100000000)
  eden space 9728K, 100% used [0x00000000d5580000,0x00000000d5f00000,0x00000000d5f00000)
  from space 512K, 96% used [0x00000000d6500000,0x00000000d657b260,0x00000000d6580000)
  to   space 1536K, 0% used [0x00000000d6280000,0x00000000d6280000,0x00000000d6400000)
 ParOldGen       total 68608K, used 52775K [0x0000000080000000, 0x0000000084300000, 0x00000000d5580000)
  object space 68608K, 76% used [0x0000000080000000,0x0000000083389f30,0x0000000084300000)
 Metaspace       used 47300K, committed 48576K, reserved 1114112K
  class space    used 5096K, committed 5632K, reserved 1048576K
}
Event: 39.984 GC heap after
{Heap after GC invocations=37 (full 2):
 PSYoungGen      total 11264K, used 1056K [0x00000000d5580000, 0x00000000d6580000, 0x0000000100000000)
  eden space 9728K, 0% used [0x00000000d5580000,0x00000000d5580000,0x00000000d5f00000)
  from space 1536K, 68% used [0x00000000d6280000,0x00000000d6388000,0x00000000d6400000)
  to   space 1536K, 0% used [0x00000000d6400000,0x00000000d6400000,0x00000000d6580000)
 ParOldGen       total 68608K, used 53119K [0x0000000080000000, 0x0000000084300000, 0x00000000d5580000)
  object space 68608K, 77% used [0x0000000080000000,0x00000000833dff30,0x0000000084300000)
 Metaspace       used 47300K, committed 48576K, reserved 1114112K
  class space    used 5096K, committed 5632K, reserved 1048576K
}
Event: 40.311 GC heap before
{Heap before GC invocations=38 (full 2):
 PSYoungGen      total 11264K, used 10784K [0x00000000d5580000, 0x00000000d6580000, 0x0000000100000000)
  eden space 9728K, 100% used [0x00000000d5580000,0x00000000d5f00000,0x00000000d5f00000)
  from space 1536K, 68% used [0x00000000d6280000,0x00000000d6388000,0x00000000d6400000)
  to   space 1536K, 0% used [0x00000000d6400000,0x00000000d6400000,0x00000000d6580000)
 ParOldGen       total 68608K, used 53119K [0x0000000080000000, 0x0000000084300000, 0x00000000d5580000)
  object space 68608K, 77% used [0x0000000080000000,0x00000000833dff30,0x0000000084300000)
 Metaspace       used 48243K, committed 49536K, reserved 1114112K
  class space    used 5210K, committed 5760K, reserved 1048576K
}
Event: 40.314 GC heap after
{Heap after GC invocations=38 (full 2):
 PSYoungGen      total 10752K, used 656K [0x00000000d5580000, 0x00000000d6500000, 0x0000000100000000)
  eden space 9728K, 0% used [0x00000000d5580000,0x00000000d5580000,0x00000000d5f00000)
  from space 1024K, 64% used [0x00000000d6400000,0x00000000d64a4010,0x00000000d6500000)
  to   space 1024K, 0% used [0x00000000d6300000,0x00000000d6300000,0x00000000d6400000)
 ParOldGen       total 68608K, used 53891K [0x0000000080000000, 0x0000000084300000, 0x00000000d5580000)
  object space 68608K, 78% used [0x0000000080000000,0x00000000834a0f40,0x0000000084300000)
 Metaspace       used 48243K, committed 49536K, reserved 1114112K
  class space    used 5210K, committed 5760K, reserved 1048576K
}
Event: 40.466 GC heap before
{Heap before GC invocations=39 (full 2):
 PSYoungGen      total 10752K, used 10384K [0x00000000d5580000, 0x00000000d6500000, 0x0000000100000000)
  eden space 9728K, 100% used [0x00000000d5580000,0x00000000d5f00000,0x00000000d5f00000)
  from space 1024K, 64% used [0x00000000d6400000,0x00000000d64a4010,0x00000000d6500000)
  to   space 1024K, 0% used [0x00000000d6300000,0x00000000d6300000,0x00000000d6400000)
 ParOldGen       total 68608K, used 53891K [0x0000000080000000, 0x0000000084300000, 0x00000000d5580000)
  object space 68608K, 78% used [0x0000000080000000,0x00000000834a0f40,0x0000000084300000)
 Metaspace       used 49518K, committed 50752K, reserved 1114112K
  class space    used 5332K, committed 5824K, reserved 1048576K
}
Event: 40.469 GC heap after
{Heap after GC invocations=39 (full 2):
 PSYoungGen      total 10752K, used 1024K [0x00000000d5580000, 0x00000000d6480000, 0x0000000100000000)
  eden space 9728K, 0% used [0x00000000d5580000,0x00000000d5580000,0x00000000d5f00000)
  from space 1024K, 100% used [0x00000000d6300000,0x00000000d6400000,0x00000000d6400000)
  to   space 512K, 0% used [0x00000000d6400000,0x00000000d6400000,0x00000000d6480000)
 ParOldGen       total 68608K, used 54299K [0x0000000080000000, 0x0000000084300000, 0x00000000d5580000)
  object space 68608K, 79% used [0x0000000080000000,0x0000000083506f40,0x0000000084300000)
 Metaspace       used 49518K, committed 50752K, reserved 1114112K
  class space    used 5332K, committed 5824K, reserved 1048576K
}
Event: 40.604 GC heap before
{Heap before GC invocations=40 (full 2):
 PSYoungGen      total 10752K, used 10735K [0x00000000d5580000, 0x00000000d6480000, 0x0000000100000000)
  eden space 9728K, 99% used [0x00000000d5580000,0x00000000d5efbc50,0x00000000d5f00000)
  from space 1024K, 100% used [0x00000000d6300000,0x00000000d6400000,0x00000000d6400000)
  to   space 512K, 0% used [0x00000000d6400000,0x00000000d6400000,0x00000000d6480000)
 ParOldGen       total 68608K, used 54299K [0x0000000080000000, 0x0000000084300000, 0x00000000d5580000)
  object space 68608K, 79% used [0x0000000080000000,0x0000000083506f40,0x0000000084300000)
 Metaspace       used 50664K, committed 51968K, reserved 1114112K
  class space    used 5471K, committed 6016K, reserved 1048576K
}
Event: 40.606 GC heap after
{Heap after GC invocations=40 (full 2):
 PSYoungGen      total 10240K, used 507K [0x00000000d5580000, 0x00000000d6480000, 0x0000000100000000)
  eden space 9728K, 0% used [0x00000000d5580000,0x00000000d5580000,0x00000000d5f00000)
  from space 512K, 99% used [0x00000000d6400000,0x00000000d647ee78,0x00000000d6480000)
  to   space 2048K, 0% used [0x00000000d6080000,0x00000000d6080000,0x00000000d6280000)
 ParOldGen       total 68608K, used 55359K [0x0000000080000000, 0x0000000084300000, 0x00000000d5580000)
  object space 68608K, 80% used [0x0000000080000000,0x000000008360fe90,0x0000000084300000)
 Metaspace       used 50664K, committed 51968K, reserved 1114112K
  class space    used 5471K, committed 6016K, reserved 1048576K
}
Event: 41.008 GC heap before
{Heap before GC invocations=41 (full 2):
 PSYoungGen      total 10240K, used 10235K [0x00000000d5580000, 0x00000000d6480000, 0x0000000100000000)
  eden space 9728K, 100% used [0x00000000d5580000,0x00000000d5f00000,0x00000000d5f00000)
  from space 512K, 99% used [0x00000000d6400000,0x00000000d647ee78,0x00000000d6480000)
  to   space 2048K, 0% used [0x00000000d6080000,0x00000000d6080000,0x00000000d6280000)
 ParOldGen       total 68608K, used 55359K [0x0000000080000000, 0x0000000084300000, 0x00000000d5580000)
  object space 68608K, 80% used [0x0000000080000000,0x000000008360fe90,0x0000000084300000)
 Metaspace       used 52181K, committed 53440K, reserved 1114112K
  class space    used 5625K, committed 6144K, reserved 1048576K
}
Event: 41.011 GC heap after
{Heap after GC invocations=41 (full 2):
 PSYoungGen      total 11776K, used 896K [0x00000000d5580000, 0x00000000d6480000, 0x0000000100000000)
  eden space 9728K, 0% used [0x00000000d5580000,0x00000000d5580000,0x00000000d5f00000)
  from space 2048K, 43% used [0x00000000d6080000,0x00000000d6160030,0x00000000d6280000)
  to   space 1536K, 0% used [0x00000000d6300000,0x00000000d6300000,0x00000000d6480000)
 ParOldGen       total 68608K, used 55598K [0x0000000080000000, 0x0000000084300000, 0x00000000d5580000)
  object space 68608K, 81% used [0x0000000080000000,0x000000008364b8a8,0x0000000084300000)
 Metaspace       used 52181K, committed 53440K, reserved 1114112K
  class space    used 5625K, committed 6144K, reserved 1048576K
}
Event: 42.199 GC heap before
{Heap before GC invocations=42 (full 2):
 PSYoungGen      total 11776K, used 10624K [0x00000000d5580000, 0x00000000d6480000, 0x0000000100000000)
  eden space 9728K, 100% used [0x00000000d5580000,0x00000000d5f00000,0x00000000d5f00000)
  from space 2048K, 43% used [0x00000000d6080000,0x00000000d6160030,0x00000000d6280000)
  to   space 1536K, 0% used [0x00000000d6300000,0x00000000d6300000,0x00000000d6480000)
 ParOldGen       total 68608K, used 55598K [0x0000000080000000, 0x0000000084300000, 0x00000000d5580000)
  object space 68608K, 81% used [0x0000000080000000,0x000000008364b8a8,0x0000000084300000)
 Metaspace       used 52470K, committed 53696K, reserved 1114112K
  class space    used 5687K, committed 6208K, reserved 1048576K
}
Event: 42.202 GC heap after
{Heap after GC invocations=42 (full 2):
 PSYoungGen      total 10240K, used 480K [0x00000000d5580000, 0x00000000d6380000, 0x0000000100000000)
  eden space 9728K, 0% used [0x00000000d5580000,0x00000000d5580000,0x00000000d5f00000)
  from space 512K, 93% used [0x00000000d6300000,0x00000000d6378010,0x00000000d6380000)
  to   space 1024K, 0% used [0x00000000d6180000,0x00000000d6180000,0x00000000d6280000)
 ParOldGen       total 68608K, used 56182K [0x0000000080000000, 0x0000000084300000, 0x00000000d5580000)
  object space 68608K, 81% used [0x0000000080000000,0x00000000836dda68,0x0000000084300000)
 Metaspace       used 52470K, committed 53696K, reserved 1114112K
  class space    used 5687K, committed 6208K, reserved 1048576K
}

